Event: 1, Month: 2
Event: 2, Month: 2
Event: 3, Month: 2
Event: 2, Month: 2
Event: 1, Month: 2
Event: 2, Month: 2
Event: 3, Month: 2
Event: 4, Month: 2
Event: 5, Month: 2
Event: 4, Month: 2
Event: 3, Month: 2
Event: 2, Month: 2
Event: 1, Month: 2
Event: 2, Month: 2
Event: 3, Month: 2
Event: 4, Month: 2
Event: 1, Month: 2
Event: 2, Month: 2
Event: 3, Month: 2
Event: 2, Month: 2
Event: 1, Month: 2
Event: 2, Month: 2
Event: 3, Month: 2
Event: 4, Month: 2
Event: 5, Month: 2
Event: 4, Month: 2
Event: 3, Month: 2
Event: 2, Month: 2
Event: 1, Month: 2
Event: 5, Month: 2
Event: 4, Month: 2
Event: 3, Month: 2
Event: 4, Month: 2
Event: 5, Month: 2
Event: 1, Month: 2
Event: 2, Month: 2
Event: 3, Month: 2
Event: 4, Month: 2
Event: 5, Month: 2
Event: 5, Month: 2
Event: 4, Month: 2
Event: 3, Month: 2
Event: 2, Month: 2
Event: 1, Month: 2
Event: 2, Month: 2
Event: 1, Month: 2
Event: 1, Month: 2
Event: 5, Month: 2
Event: 2, Month: 2
Event: 1, Month: 2
Event: 2, Month: 2
Event: 3, Month: 2
Event: 4, Month: 2
Event: 5, Month: 2
Event: 1, Month: 2
Event: 5, Month: 2
Event: 4, Month: 2
Event: 5, Month: 2
Event: 1, Month: 2
Event: 2, Month: 2
Event: 1, Month: 2
Event: 2, Month: 2
Event: 3, Month: 2
Event: 4, Month: 2
Event: 5, Month: 2
Event: 1, Month: 2
Event: 2, Month: 2
Event: 3, Month: 2
Event: 1, Month: 2
Event: 3, Month: 2
Event: 4, Month: 2
Event: 1, Month: 2
Event: 1, Month: 1
Event: 1, Month: 2
Event: 1, Month: 3
Event: 1, Month: 4
Event: 1, Month: 3
Event: 1, Month: 2
Event: 5, Month: 2
Event: 2, Month: 2
Event: 3, Month: 2
Event: 1, Month: 2
Event: 2, Month: 2
Event: 3, Month: 2
Event: 2, Month: 2
Event: 1, Month: 2
Event: 3, Month: 2
Event: 4, Month: 2
Event: 5, Month: 2
Event: 4, Month: 2
Event: 3, Month: 2
Event: 2, Month: 2
Event: 1, Month: 2
Event: 5, Month: 2
Event: 1, Month: 2
Event: 2, Month: 2
Event: 3, Month: 2
Event: 4, Month: 2
Event: 5, Month: 2
Event: 4, Month: 2
Event: 3, Month: 2
Event: 2, Month: 2
Event: 5, Month: 2
Event: 5, Month: 2
Event: 5, Month: 2
Event: 5, Month: 2
Event: 5, Month: 2
Event: 5, Month: 2
Event: 5, Month: 2
Event: 5, Month: 2
Event: 5, Month: 2
Event: 5, Month: 2
Event: 5, Month: 2
Event: 1, Month: 2
Event: 3, Month: 2
Event: 5, Month: 2
Event: 5, Month: 2
Event: 5, Month: 2
Event: 1, Month: 2
Event: 4, Month: 2
Event: 5, Month: 2
Event: 3, Month: 2
Event: 5, Month: 2
Event: 4, Month: 2
Event: 3, Month: 2
Event: 2, Month: 2
Event: 5, Month: 2
Event: 2, Month: 2
Event: 1, Month: 2
Event: 4, Month: 2
Event: 5, Month: 2
Event: 2, Month: 2
Event: 1, Month: 2
Event: 5, Month: 2
Event: 4, Month: 2
Event: 5, Month: 2
Event: 2, Month: 2
Event: 3, Month: 2
Event: 1, Month: 2
Event: 2, Month: 2
Event: 1, Month: 2
Event: 1, Month: 2
Event: 1, Month: 2
Event: 2, Month: 2
Event: 2, Month: 2
Event: 3, Month: 2
Event: 2, Month: 2
Event: 1, Month: 2
Event: 2, Month: 2
Event: 1, Month: 2
Event: 1, Month: 2
Event: 5, Month: 2
Event: 4, Month: 2
Event: 5, Month: 2
Event: 4, Month: 2
Event: 3, Month: 2
Event: 2, Month: 2
Event: 1, Month: 2
Event: 2, Month: 2
Event: 3, Month: 2
Event: 4, Month: 2
Event: 4, Month: 2
Event: 1, Month: 2
Event: 2, Month: 2
Event: 3, Month: 2
Event: 3, Month: 2
Event: 2, Month: 2
Event: 1, Month: 2
Event: 1, Month: 2
Event: 2, Month: 2
Event: 1, Month: 2
Event: 3, Month: 2
Event: 4, Month: 2
Event: 5, Month: 2
Event: 4, Month: 2
Event: 5, Month: 2
Event: 2, Month: 2
Event: 2, Month: 2
Event: 1, Month: 2
Event: 2, Month: 2
Event: 4, Month: 2
Event: 2, Month: 2
Event: 3, Month: 2
Event: 4, Month: 2
Event: 5, Month: 2
Event: 1, Month: 2
Event: 2, Month: 2
Event: 3, Month: 2
Event: 1, Month: 2
Event: 4, Month: 2
Event: 1, Month: 2
Event: 2, Month: 2
Event: 3, Month: 2
Event: 4, Month: 2
Event: 5, Month: 2
Event: 1, Month: 2
Event: 2, Month: 2
Event: 3, Month: 2
Event: 4, Month: 2
Event: 5, Month: 2
Event: 1, Month: 2
Event: 2, Month: 2
Event: 3, Month: 2
Event: 2, Month: 2
Event: 3, Month: 2
Event: 1, Month: 2
Event: 2, Month: 2
Event: 3, Month: 2
Event: 1, Month: 2
Event: 2, Month: 2
Event: 1, Month: 2
Event: 2, Month: 2
Event: 3, Month: 2
Event: 4, Month: 2
Event: 3, Month: 2
Event: 1, Month: 2
Event: 2, Month: 2
Event: 3, Month: 2
Event: 4, Month: 2
Event: 3, Month: 2
Event: 4, Month: 2
Event: 5, Month: 2
Event: 2, Month: 2
Event: 3, Month: 2
Event: 2, Month: 2
Event: 1, Month: 2
Event: 2, Month: 2
Event: 1, Month: 2
Event: 1, Month: 2
Event: 5, Month: 2
Event: 4, Month: 2
Event: 3, Month: 2
Event: 5, Month: 2
Event: 5, Month: 2
Event: 2, Month: 2
Event: 1, Month: 2
Event: 2, Month: 2
Event: 1, Month: 2
Event: 3, Month: 2
Event: 2, Month: 2
Event: 4, Month: 2
Event: 5, Month: 2
Event: 3, Month: 2
Event: 2, Month: 2
Event: 1, Month: 2
Event: 3, Month: 2
Event: 4, Month: 2
Event: 3, Month: 2
Event: 4, Month: 2
Event: 5, Month: 2
Event: 4, Month: 2
Event: 5, Month: 2
Event: 5, Month: 2
Event: 4, Month: 2
Event: 5, Month: 2
Event: 4, Month: 2
Event: 5, Month: 2
Event: 4, Month: 2
Event: 5, Month: 2
Event: 5, Month: 2
Event: 4, Month: 2
Event: 5, Month: 2
Event: 4, Month: 2
Event: 5, Month: 2
Event: 4, Month: 2
Event: 5, Month: 2
Event: 4, Month: 2
Event: 5, Month: 2
Event: 4, Month: 2
Event: 5, Month: 2
Event: 4, Month: 2
Event: 5, Month: 2
Event: 4, Month: 2
Event: 4, Month: 2
Event: 3, Month: 2
Event: 3, Month: 2
Event: 2, Month: 2
Event: 1, Month: 2
Event: 3, Month: 2
Event: 2, Month: 2
Event: 3, Month: 2
Event: 4, Month: 2
Event: 5, Month: 2
Event: 4, Month: 2
Event: 3, Month: 2
Event: 3, Month: 3
Event: 3, Month: 2
Event: 3, Month: 3
Event: 3, Month: 4
Event: 3, Month: 5
Event: 3, Month: 4
Event: 3, Month: 3
Event: 3, Month: 4
Event: 3, Month: 5
Event: 3, Month: 4
Event: 3, Month: 3
Event: 3, Month: 2
Event: 3, Month: 3
Event: 3, Month: 2
Event: 4, Month: 2
Event: 5, Month: 2
Event: 3, Month: 2
Event: 4, Month: 2
Event: 5, Month: 2
Event: 3, Month: 2
Event: 4, Month: 2
Event: 5, Month: 2
Event: 4, Month: 2
Event: 3, Month: 2
Event: 1, Month: 2
Event: 2, Month: 2
Event: 1, Month: 2
Event: 3, Month: 2
Event: 2, Month: 2
Event: 1, Month: 2
Event: 3, Month: 2
Event: 5, Month: 2
Event: 4, Month: 2
Event: 5, Month: 2
Event: 1, Month: 2
Event: 2, Month: 2
Event: 1, Month: 2
Event: 1, Month: 2
Event: 1, Month: 2
Event: 3, Month: 2
Event: 1, Month: 2
Event: 2, Month: 2
Event: 1, Month: 2
Event: 3, Month: 2
Event: 5, Month: 2
Event: 4, Month: 2
Event: 4, Month: 2
Event: 5, Month: 2
Event: 4, Month: 2
Event: 3, Month: 2
Event: 3, Month: 2
Event: 4, Month: 2
Event: 3, Month: 2
Event: 4, Month: 2
Event: 2, Month: 2
Event: 3, Month: 2
Event: 4, Month: 2
Event: 3, Month: 2
Event: 4, Month: 2
Event: 3, Month: 2
Event: 2, Month: 2
Event: 3, Month: 2
Event: 3, Month: 2
Event: 4, Month: 2
Event: 5, Month: 2
Event: 5, Month: 2
Event: 4, Month: 2
Event: 3, Month: 2
Event: 1, Month: 2
Event: 2, Month: 2
Event: 3, Month: 2
Event: 4, Month: 2
Event: 5, Month: 2
Event: 4, Month: 2
Event: 2, Month: 2
Event: 1, Month: 2
Event: 3, Month: 2
Event: 1, Month: 2
Event: 2, Month: 2
Event: 1, Month: 2
Event: 3, Month: 2
Event: 4, Month: 2
Event: 1, Month: 2
Event: 2, Month: 2
Event: 3, Month: 2
Event: 4, Month: 2
Event: 5, Month: 2
Event: 3, Month: 2
Event: 1, Month: 2
Event: 2, Month: 2
Event: 4, Month: 2
Event: 2, Month: 2
Event: 1, Month: 2
Event: 1, Month: 2
Event: 1, Month: 2
Event: 2, Month: 2
Event: 3, Month: 2
Event: 4, Month: 2
Event: 5, Month: 2
Event: 5, Month: 3
Event: 5, Month: 2
Event: 1, Month: 2
Event: 2, Month: 2
Event: 1, Month: 2
Event: 2, Month: 2
Event: 3, Month: 2
Event: 1, Month: 2
Event: 2, Month: 2
Event: 3, Month: 2
Event: 4, Month: 2
Event: 5, Month: 2
Event: 5, Month: 3
Event: 5, Month: 2
Event: 1, Month: 2
Event: 3, Month: 2
Event: 2, Month: 2
Event: 1, Month: 2
Event: 1, Month: 2
Event: 1, Month: 3
Event: 1, Month: 2
Event: 1, Month: 2
Event: 2, Month: 2
Event: 1, Month: 2
Event: 2, Month: 2
Event: 4, Month: 2
Event: 3, Month: 2
Event: 2, Month: 2
Event: 1, Month: 2
Event: 3, Month: 2
Event: 1, Month: 2
Event: 2, Month: 2
Event: 2, Month: 2
Event: 3, Month: 2
Event: 1, Month: 2
Event: 3, Month: 2
Event: 2, Month: 2
Event: 3, Month: 2
Event: 3, Month: 2
Event: 3, Month: 2
Event: 4, Month: 2
Event: 2, Month: 2
Event: 1, Month: 2
Event: 3, Month: 2
Event: 2, Month: 2
Event: 2, Month: 2
Event: 2, Month: 2
Event: 1, Month: 2
Event: 1, Month: 2
Event: 1, Month: 3
Event: 1, Month: 2
Event: 3, Month: 2
Event: 2, Month: 2
Event: 5, Month: 2
Event: 4, Month: 2
Event: 4, Month: 2
Event: 2, Month: 2
Event: 1, Month: 2
Event: 3, Month: 2
Event: 1, Month: 2
Event: 2, Month: 2
Event: 2, Month: 2
Event: 1, Month: 2
Event: 2, Month: 2
Event: 3, Month: 2
Event: 3, Month: 2
Event: 5, Month: 2
Event: 4, Month: 2
Event: 5, Month: 2
Event: 4, Month: 2
Event: 1, Month: 2
Event: 4, Month: 2
Event: 2, Month: 2
Event: 2, Month: 2
Event: 3, Month: 2
Event: 4, Month: 2
Event: 5, Month: 2
Event: 1, Month: 2
Event: 2, Month: 2
Event: 1, Month: 2
Event: 2, Month: 2
Event: 1, Month: 2
Event: 3, Month: 2
Event: 1, Month: 2
Event: 3, Month: 2
Event: 1, Month: 2
Event: 1, Month: 3
Event: 2, Month: 2
Event: 1, Month: 2
Event: 2, Month: 2
Event: 1, Month: 2
Event: 2, Month: 2
Event: 3, Month: 2
Event: 4, Month: 2
Event: 3, Month: 2
Event: 4, Month: 2
Event: 3, Month: 2
Event: 4, Month: 2
Event: 3, Month: 2
Event: 4, Month: 2
Event: 5, Month: 2
Event: 4, Month: 2
Event: 5, Month: 2
Event: 2, Month: 2
Event: 1, Month: 2
Event: 4, Month: 2
Event: 4, Month: 2
Event: 3, Month: 2
Event: 5, Month: 2
Event: 4, Month: 2
Event: 3, Month: 2
Event: 5, Month: 2
Event: 3, Month: 2
Event: 4, Month: 2
Event: 4, Month: 2
Event: 2, Month: 2
Event: 1, Month: 2
Event: 3, Month: 2
Event: 5, Month: 2
Event: 3, Month: 2
Event: 4, Month: 2
Event: 3, Month: 2
Event: 1, Month: 2
Event: 2, Month: 2
Event: 3, Month: 2
Event: 2, Month: 2
Event: 1, Month: 2
Event: 1, Month: 2
Event: 1, Month: 3
Event: 1, Month: 3
Event: 2, Month: 3
Event: 1, Month: 3
Event: 2, Month: 3
Event: 1, Month: 3
Event: 2, Month: 3
Event: 3, Month: 3
